
ROM used:   1290/16384 (4%)
            1290/16384 (4%) including unused fragments

            0.4 Average locations per line
            2.7 Average locations per statement

RAM used:   178/1536 (12%) at main() level
            190/1536 (12%) worst case

Stack used: 6 worst case (4 in main + 2 for interrupts)
Stack size: 31

Lines Stmts  %   Files
----- ----- ---  -----
  227   117  25  main.c
   14     0   0  main.h
 1000     0   0  C:\Program Files (x86)\PICC\Devices\18F45K22.h
  423     0   0  C:\Program Files (x86)\PICC\Drivers\string.h
   32     0   0  C:\Program Files (x86)\PICC\Drivers\stddef.h
   28     0   0  C:\Program Files (x86)\PICC\Drivers\ctype.h
 1351   359  75  C:\Program Files (x86)\PICC\Drivers\stdlib.h
----- -----
 3075   476 Total

Page ROM  %  RAM   Vol Diff  Functions:
---- --- --- ---   --- ----  ----------
0     40   2    1             @delay_ms1
0    136   5    9   318  6.5  strstr
0     24   1    0             @GETCH_BIU_1
0     24   1    0             @GETCH_BIU_2
0     22   1    3    68  2.0  clearBuffer
0     28   1    0    69  2.8  @MEMSET
0     58   2    2   295  4.2  gsmInt
0     54   2    0   147  3.3  checkCom
0      4   0    0   127  3.9  @const999
0     34   1    2    69  2.8  @PSTRINGC_9600_31766_31767
0     48   2    3   127  3.9  delay
0      6   0    0    48  1.1  @const1002
0     32   1    1    76  1.9  turnOnGSM
0     38   1    1    67  1.2  turnOffGSM
0     24   1    0    82  1.9  initGSM
0      6   0    0    67  1.2  @const1004
0     12   0    0    29  1.6  pcInt
0    350  14    1   609  5.1  MAIN
0     36   1    0    29  1.6  @const1010
0     34   1    2   609  5.1  @PSTRINGC_9600_31774_31775
0     14   1    0    69  2.8  @const1013
0     10   0    0    69  2.8  @const1014
0      6   0    0    69  2.8  @const1015
0     14   1    0    25  1.2  @const1016
0     52   2    0    25  1.2  @const1017
0     26   1    0  1870  7.3  @const1032
 Inline         0    69  2.8  @cinit1

Program metrics:
    Functions               24
    Statements              476
    Comments                713
    Volume (V)              8551
    Difficulty (D)          76.1
    Effort to implement (E) 650595
    Time to implement (T)   10 hours, 2 minutes
    Est Delivered Bugs (B)  3
    Cyclomatic Complexity   16
    Maintainability (MI)    133

 Segment     Used  Free
-----------  ----  ----
00000-00002     4  0  
00004-00006     0  4  
00008-000A0   154  0  
000A2-07FFE  1132  31474  



