
ROM used:   6238/16384 (19%)
            6238/16384 (19%) including unused fragments

            2.0 Average locations per line
            12.3 Average locations per statement

RAM used:   400/1536 (26%) at main() level
            445/1536 (29%) worst case

Stack used: 8 worst case (6 in main + 2 for interrupts)
Stack size: 31

Lines Stmts  %   Files
----- ----- ---  -----
  307   148  29  main.c
   14     0   0  main.h
 1000     0   0  C:\Program Files (x86)\PICC\Devices\18F45K22.h
  423     0   0  C:\Program Files (x86)\PICC\Drivers\string.h
   32     0   0  C:\Program Files (x86)\PICC\Drivers\stddef.h
   28     0   0  C:\Program Files (x86)\PICC\Drivers\ctype.h
 1351   359  71  C:\Program Files (x86)\PICC\Drivers\stdlib.h
----- -----
 3155   507 Total

Page ROM  %  RAM   Vol Diff  Functions:
---- --- --- ---   --- ----  ----------
0     42   0    1             @delay_ms1
0     68   1    4   153  4.7  strchr
0    142   1    9   318  6.5  strstr
0    246   2   11             @MULFF
0     54   0    2             @ITOF
0    632   5   16             @ADDFF
0    350   3   14             @DIVFF
0    590   5   19  1542 12.4  strtof
0     34   0    5             @MUL1616
0     10   0    0             @PUTCHARI_BIU_1
0     24   0    0             @GETCH_BIU_1
0     10   0    0             @PUTCHARI_BIU_2
0     24   0    0             @GETCH_BIU_2
0     72   1    1             @PUTCHAR_3_
0    110   1    3             @GETCH_3_
0     76   1    2   412  5.0  piSerInt
0     38   0    0    68  2.1  checkCom
0      6   0    0             @const1007
0     36   0    2             @PSTRINGC_115200_31766_31767
0     56   0    1   110  2.3  waitForPi
0     18   0    0             @const1010
0     34   0    2             @PSTRINGC_9600_31774_31775
0    148   1    1   183  2.5  waitForGPS
0     10   0    0             @const1015
0     42   0    3             @PSTRINGCN_9600_31774_31775
0     38   0    2             @PSTRINGR_9600_31774_31775
0     10   0    0             @const1019
0     28   0    0   106  2.3  pcInt
0    130   1    4   302  5.5  confirmATResponse
0     34   0    4    78  3.0  getParsedGPS
0    640   5    1  1453  5.3  MAIN
0     36   0    0             @const1026
0     20   0    0             @const1027
0     28   0    0             @const1028
0     22   0    0             @const1029
0     14   0    0             @const1030
0     22   0    0             @const1031
0     22   0    0             @const1032
0     10   0    0             @const1033
0     10   0    0             @const1034
0     10   0    0             @const1035
0     44   0    3             @PSTRINGCN_115200_31766_31767
0     40   0    2             @PSTRINGR_115200_31766_31767
0     12   0    0             @const1040
0     22   0    0    50  1.5  initGPS
0     52   0    0             @const1041
0     32   0    2             @PSTRINGC_967
0     16   0    0             @const1043
0    116   1    4   592  6.8  getGPS
0   1068   9    6  1490  7.0  parseGPS
0     32   0    1             @SPRINTF
0     68   1    5             @FTOSD
0    148   1   13             @DIV3232
0    424   3   13             @PRINTF_L32D_1056FPFPF
0     60   0    4             @SFTOI
 Inline        14   296  6.8  gpsDegrees
 Inline         0             @cinit1

Program metrics:
    Functions               15
    Statements              507
    Comments                735
    Volume (V)              11253
    Difficulty (D)          70.1
    Effort to implement (E) 788708
    Time to implement (T)   12 hours, 10 minutes
    Est Delivered Bugs (B)  3
    Cyclomatic Complexity   34
    Maintainability (MI)    30

 Segment     Used  Free
-----------  ----  ----
00000-00002     4  0  
00004-00006     0  4  
00008-000A0   154  0  
000A2-07FFE  6080  26526  



