
ROM used:   7490/16384 (23%)
            7490/16384 (23%) including unused fragments

            2.3 Average locations per line
            13.2 Average locations per statement

RAM used:   243/1536 (16%) at main() level
            488/1536 (32%) worst case

Stack used: 7 worst case (5 in main + 2 for interrupts)
Stack size: 31

Lines Stmts  %   Files
----- ----- ---  -----
  398   209  37  main.c
   14     0   0  main.h
 1000     0   0  C:\Program Files (x86)\PICC\Devices\18F45K22.h
  423     0   0  C:\Program Files (x86)\PICC\Drivers\string.h
   32     0   0  C:\Program Files (x86)\PICC\Drivers\stddef.h
   28     0   0  C:\Program Files (x86)\PICC\Drivers\ctype.h
 1351   359  63  C:\Program Files (x86)\PICC\Drivers\stdlib.h
----- -----
 3246   568 Total

Page ROM  %  RAM   Vol Diff  Functions:
---- --- --- ---   --- ----  ----------
0     42   0    1             @delay_ms1
0     68   0    4   153  4.7  strchr
0    142   1    9   318  6.5  strstr
0    246   2   11             @MULFF
0     54   0    2             @ITOF
0    632   4   16             @ADDFF
0    350   2   14             @DIVFF
0    590   4   19  1542 12.4  strtof
0     34   0    5             @MUL1616
0     24   0    0             @GETCH_BIU_1
0     24   0    0             @GETCH_BIU_2
0     84   1    1             @PUTCHAR_3_
0    126   1    3             @GETCH_3_
0     20   0    3    68  2.0  clearBuffer
0     28   0    0             @MEMSET
0     58   0    2   295  4.2  gsmInt
0     62   0    0   147  3.3  checkCom
0      4   0    0             @const1012
0     34   0    2             @PSTRINGC_9600_31766_31767
0     62   0    3   127  3.9  delay
0      6   0    0             @const1015
0     48   0    1   117  2.1  turnOnGSM
0     28   0    0    82  1.9  initGSM
0      6   0    0             @const1017
0     12   0    0    29  1.6  pcInt
0      6   0    0    33  1.3  newATCommand
0    120   1    4   302  5.5  confirmATResponse
0    160   1    1   333  2.7  initHTTP
0      4   0    0             @const1025
0     34   0    2             @PSTRINGC_9600_31774_31775
0     14   0    0             @const1027
0     10   0    0             @const1028
0      4   0    0             @const1029
0     22   0    0             @const1030
0     10   0    0             @const1031
0    236   2    1   539  2.8  initGPRS
0      4   0    0             @const1032
0     32   0    0             @const1033
0     10   0    0             @const1034
0      4   0    0             @const1035
0     32   0    0             @const1036
0     10   0    0             @const1037
0      4   0    0             @const1038
0     14   0    0             @const1039
0     10   0    0             @const1040
0     82   1    4   127  4.2  httpErrorCode
0     14   0    0             @const1045
0     14   0    0             @const1046
0     36   0    4    78  3.0  getParsedGPS
0    914   6    2  1719  7.4  MAIN
0     36   0    0             @const1054
0     14   0    0             @const1055
0     10   0    0             @const1056
0      6   0    0             @const1057
0     28   0    0             @const1060
0     44   0    3             @PSTRINGCN_9600_31766_31767
0     38   0    2             @PSTRINGR_9600_31766_31767
0     40   0    2             @PSTRINGR_9600_31774_31775
0     12   0    0             @const1066
0     18   0    0             @const1067
0     10   0    0             @const1068
0     10   0    0             @const1069
0     14   0    0             @const1070
0     18   0    0             @const1071
0     44   0    3             @PSTRINGCN_9600_31774_31775
0    172   1    9    50  1.5  @PRINTF_LU_9600_31774_31775
0     12   0    0             @const1076
0     22   0    0    50  1.5  initGPS
0     52   0    0    50  1.5  @const1077
0     32   0    2    50  1.5  @PSTRINGC_967
0     16   0    0  1555  6.9  @const1079
0    110   1    4   592  6.8  getGPS
0   1142   8    6  1555  6.9  parseGPS
0     20   0    0   592  6.8  @const1090
0     32   0    1  1555  6.9  @SPRINTF
0     40   0    3             @PSTRINGCN_1092
0     66   0    5             @FTOSD
0    148   1   13             @DIV3232
0    424   3   13   296  6.8  @PRINTF_L32D_1092FPFPF
0     60   0    4    69  2.8  @SFTOI
 Inline        14   296  6.8  gpsDegrees
0     58   0    6    69  2.8  getInt
 Inline         0   296  6.8  @cinit1

Program metrics:
    Functions               31
    Statements              568
    Comments                746
    Volume (V)              22560
    Difficulty (D)          134.2
    Effort to implement (E) 3028320
    Time to implement (T)   46 hours, 44 minutes
    Est Delivered Bugs (B)  7
    Cyclomatic Complexity   61
    Maintainability (MI)    138

 Segment     Used  Free
-----------  ----  ----
00000-00002     4  0  
00004-00006     0  4  
00008-000A0   154  0  
000A2-07FFE  7332  25274  



