
ROM used:   5020/16384 (15%)
            5020/16384 (15%) including unused fragments

            1.6 Average locations per line
            8.9 Average locations per statement

RAM used:   245/1536 (16%) at main() level
            293/1536 (19%) worst case

Stack used: 6 worst case (4 in main + 2 for interrupts)
Stack size: 31

Lines Stmts  %   Files
----- ----- ---  -----
  376   207  37  main.c
   14     0   0  main.h
 1000     0   0  C:\Program Files (x86)\PICC\Devices\18F45K22.h
  423     0   0  C:\Program Files (x86)\PICC\Drivers\string.h
   32     0   0  C:\Program Files (x86)\PICC\Drivers\stddef.h
   28     0   0  C:\Program Files (x86)\PICC\Drivers\ctype.h
 1351   359  63  C:\Program Files (x86)\PICC\Drivers\stdlib.h
----- -----
 3224   566 Total

Page ROM  %  RAM   Vol Diff  Functions:
---- --- --- ---   --- ----  ----------
0     40   0    1             @delay_ms1
0    144   1    9   318  6.5  strstr
0    246   2   11     5  1.0  @MULFF
0     54   1    2    67  1.6  @ITOF
0    632   6   16    25  1.2  @ADDFF
0    352   4   14             @DIVFF
0    608   6   19  1542 12.4  strtof
0     24   0    0             @GETCH_BIU_1
0     24   0    0             @GETCH_BIU_2
0     20   0    3    68  2.0  clearBuffer
0     28   0    0    69  2.8  @MEMSET
0     58   1    2   295  4.2  gsmInt
0     54   1    0   147  3.3  checkCom
0      4   0    0   127  3.9  @const1013
0     34   0    2    69  2.8  @PSTRINGC_9600_31766_31767
0     48   0    3   127  3.9  delay
0      6   0    0    48  1.1  @const1016
0     32   0    1    76  1.9  turnOnGSM
0     42   0    1    67  1.2  turnOffGSM
0     24   0    0    82  1.9  initGSM
0      6   0    0    67  1.2  @const1018
0     12   0    0    29  1.6  pcInt
0      6   0    0    33  1.3  newATCommand
0     96   1    4   302  5.5  confirmATResponse
0    136   1    1   333  2.7  initHTTP
0      4   0    0    69  2.8  @const1026
0     34   0    2    69  2.8  @PSTRINGC_9600_31774_31775
0     14   0    0   613  2.9  @const1028
0     10   0    0    25  1.2  @const1029
0      4   0    0    25  1.2  @const1030
0     22   0    0  1132  5.8  @const1031
0     10   0    0   592  6.8  @const1032
0    200   2    1   539  2.8  initGPRS
0      4   0    0  1870  7.3  @const1033
0     32   0    0  1870  7.3  @const1034
0     10   0    0    69  2.8  @const1035
0      4   0    0  1602  5.9  @const1036
0     32   0    0    25  1.2  @const1037
0     10   0    0    69  2.8  @const1038
0      4   0    0  1522  5.9  @const1039
0     14   0    0   592  6.8  @const1040
0     10   0    0  1390  5.8  @const1041
0     70   1    4   127  4.2  httpErrorCode
0    790   8    2  1759  8.3  MAIN
0     36   0    0  1390  5.8  @const1048
0     14   0    0    25  1.2  @const1049
0     10   0    0  1870  7.3  @const1050
0      6   0    0   592  6.8  @const1051
0     62   1    0  1595  7.8  @const1053
0     34   0    3  1870  7.3  @PSTRINGCN_9600_31766_31767
0     40   0    3             @DIV88
0    110   1    2             @PRINTF_U_9600_31766_31767
0     12   0    0             @const1062
0     18   0    0    25  1.2  @const1063
0     10   0    0    69  2.8  @const1064
0     10   0    0    25  1.2  @const1065
0     14   0    0    25  1.2  @const1066
0     18   0    0    69  2.8  @const1067
0     34   0    3    25  1.2  @PSTRINGCN_9600_31774_31775
0    166   2    9    25  1.2  @PRINTF_LU_9600_31774_31775
0     12   0    0    25  1.2  @const1072
0     14   0    0    25  1.2  @const1073
0     14   0    0  1870  7.3  @const1074
0     14   0    0    25  1.2  @const1075
0     52   1    0  1870  7.3  @const1076
0     26   0    0  1870  7.3  @const1094
0     72   1    5    69  2.8  @FTOSD
0     56   1    6    69  2.8  getInt
 Inline         0             @cinit1

Program metrics:
    Functions               61
    Statements              566
    Comments                735
    Volume (V)              55918
    Difficulty (D)          246.9
    Effort to implement (E) 13808950
    Time to implement (T)   213 hours, 6 minutes
    Est Delivered Bugs (B)  19
    Cyclomatic Complexity   117
    Maintainability (MI)    60

 Segment     Used  Free
-----------  ----  ----
00000-00002     4  0  
00004-00006     0  4  
00008-000A0   154  0  
000A2-07FFE  4862  27744  



