
ROM used:   5294/16384 (16%)
            5294/16384 (16%) including unused fragments

            1.6 Average locations per line
            8.9 Average locations per statement

RAM used:   257/1536 (17%) at main() level
            305/1536 (20%) worst case

Stack used: 6 worst case (4 in main + 2 for interrupts)
Stack size: 31

Lines Stmts  %   Files
----- ----- ---  -----
  428   235  40  main.c
   14     0   0  main.h
 1000     0   0  C:\Program Files (x86)\PICC\Devices\18F45K22.h
  423     0   0  C:\Program Files (x86)\PICC\Drivers\string.h
   32     0   0  C:\Program Files (x86)\PICC\Drivers\stddef.h
   28     0   0  C:\Program Files (x86)\PICC\Drivers\ctype.h
 1351   359  60  C:\Program Files (x86)\PICC\Drivers\stdlib.h
----- -----
 3276   594 Total

Page ROM  %  RAM   Vol Diff  Functions:
---- --- --- ---   --- ----  ----------
0     42   0    1             @delay_ms1
0    142   1    9   318  6.5  strstr
0    246   2   11             @MULFF
0     54   1    2             @ITOF
0    632   6   16             @ADDFF
0    352   3   14             @DIVFF
0    592   6   19  1542 12.4  strtof
0     24   0    0             @GETCH_BIU_1
0     24   0    0             @GETCH_BIU_2
0     84   1    1             @PUTCHAR_3_
0     20   0    3    68  2.0  clearBuffer
0     28   0    0             @MEMSET
0     58   1    2   295  4.2  gsmInt
0     62   1    0   147  3.3  checkCom
0      4   0    0             @const1017
0     34   0    2             @PSTRINGC_9600_31766_31767
0     62   1    3   127  3.9  delay
0      6   0    0             @const1020
0     40   0    1    76  1.9  turnOnGSM
0     54   1    1    67  1.2  turnOffGSM
0     28   0    0    82  1.9  initGSM
0      6   0    0             @const1022
0     12   0    0    29  1.6  pcInt
0      6   0    0    33  1.3  newATCommand
0    120   1    4   302  5.5  confirmATResponse
0    160   2    1   333  2.7  initHTTP
0      4   0    0             @const1030
0     34   0    2             @PSTRINGC_9600_31774_31775
0     14   0    0             @const1032
0     10   0    0             @const1033
0      4   0    0             @const1034
0     22   0    0             @const1035
0     10   0    0             @const1036
0    236   2    1   539  2.8  initGPRS
0      4   0    0             @const1037
0     32   0    0             @const1038
0     10   0    0             @const1039
0      4   0    0             @const1040
0     32   0    0             @const1041
0     10   0    0             @const1042
0      4   0    0             @const1043
0     14   0    0             @const1044
0     10   0    0             @const1045
0     82   1    4   127  4.2  httpErrorCode
0     14   0    0             @const1050
0     14   0    0             @const1051
0    764   7    2  1536  8.2  MAIN
0     36   0    0             @const1055
0     14   0    0             @const1056
0     10   0    0             @const1057
0      6   0    0             @const1058
0     62   1    0             @const1060
0     44   0    3             @PSTRINGCN_9600_31766_31767
0     44   0    3             @DIV88
0    128   1    2             @PRINTF_U_9600_31766_31767
0     12   0    0             @const1069
0     18   0    0             @const1070
0     10   0    0             @const1071
0     10   0    0             @const1072
0     14   0    0             @const1073
0     18   0    0             @const1074
0     44   0    3             @PSTRINGCN_9600_31774_31775
0    172   2    9             @PRINTF_LU_9600_31774_31775
0     12   0    0             @const1079
0     14   0    0             @const1080
0     24   0    0    50  1.5  initGPS
0     52   0    0             @const1081
0     32   0    2             @PSTRINGC_967
0     16   0    0             @const1083
0     56   1    6    69  2.8  getInt
0     68   1    5   543  3.4  @FTOSD
 Inline         0    69  2.8  @cinit1

Program metrics:
    Functions               20
    Statements              594
    Comments                739
    Volume (V)              10564
    Difficulty (D)          69.4
    Effort to implement (E) 733371
    Time to implement (T)   11 hours, 19 minutes
    Est Delivered Bugs (B)  3
    Cyclomatic Complexity   36
    Maintainability (MI)    83

 Segment     Used  Free
-----------  ----  ----
00000-00002     4  0  
00004-00006     0  4  
00008-000A0   154  0  
000A2-07FFE  5136  27470  



